[debug] [2023-02-11T12:57:24.725Z] ----------------------------------------------------------------------
[debug] [2023-02-11T12:57:24.727Z] Command:       C:\Users\kiree\DOWNLO~1\firebase-tools-instant-win.exe C:\Users\kiree\.cache\firebase\tools\lib\node_modules\firebase-tools\lib\bin\firebase init hosting
[debug] [2023-02-11T12:57:24.727Z] CLI Version:   11.22.0
[debug] [2023-02-11T12:57:24.727Z] Platform:      win32
[debug] [2023-02-11T12:57:24.727Z] Node Version:  v16.16.0
[debug] [2023-02-11T12:57:24.728Z] Time:          Sat Feb 11 2023 18:27:24 GMT+0530 (India Standard Time)
[debug] [2023-02-11T12:57:24.728Z] ----------------------------------------------------------------------
[debug] 
[debug] [2023-02-11T12:57:24.735Z] > command requires scopes: ["email","openid","https://www.googleapis.com/auth/cloudplatformprojects.readonly","https://www.googleapis.com/auth/firebase","https://www.googleapis.com/auth/cloud-platform"]
[debug] [2023-02-11T12:57:24.735Z] > authorizing via signed-in user (kireetjoshi1996@gmail.com)
[info] 
     ######## #### ########  ######## ########     ###     ######  ########
     ##        ##  ##     ## ##       ##     ##  ##   ##  ##       ##
     ######    ##  ########  ######   ########  #########  ######  ######
     ##        ##  ##    ##  ##       ##     ## ##     ##       ## ##
     ##       #### ##     ## ######## ########  ##     ##  ######  ########

You're about to initialize a Firebase project in this directory:

  C:\Users\kiree\Desktop\Recipes-App

[info] 
=== Project Setup
[info] 
[info] First, let's associate this project directory with a Firebase project.
[info] You can create multiple project aliases by running firebase use --add, 
[info] but for now we'll just set up a default project.
[info] 
[debug] [2023-02-11T12:58:53.269Z] >>> [apiv2][query] GET https://firebase.googleapis.com/v1beta1/projects pageSize=100
[debug] [2023-02-11T12:58:54.605Z] <<< [apiv2][status] GET https://firebase.googleapis.com/v1beta1/projects 200
[debug] [2023-02-11T12:58:54.606Z] <<< [apiv2][body] GET https://firebase.googleapis.com/v1beta1/projects [omitted]
[info] i  Using project angular-recipes-ba85a (Angular-Recipes) 
[info] 
=== Hosting Setup
[info] 
[info] Your public directory is the folder (relative to your project directory) that
[info] will contain Hosting assets to be uploaded with firebase deploy. If you
[info] have a build process for your assets, use your build's output directory.
[info] 
